


ARM Macro Assembler    Page 1 


    1 00000000                 AREA             RESET, DATA, READONLY
    2 00000000                 EXPORT           __Vectors
    3 00000000         __Vectors
    4 00000000 40001000        DCD              0x40001000  ; stack pointer val
                                                            ue when stack is em
                                                            pty
    5 00000004 00000000        DCD              Reset_Handler ; reset vector
    6 00000008                 ALIGN
    7 00000008                 AREA             mycode, CODE, READONLY
    8 00000000                 ENTRY
    9 00000000                 EXPORT           Reset_Handler
   10 00000000         Reset_Handler
   11 00000000 4806            LDR              R0, =VALUE1
   12 00000002 6801            LDR              R1,[R0]
   13 00000004 4806            LDR              R0,=VALUE2
   14 00000006 6803            LDR              R3, [R0]
   15 00000008 EBA1 0603       SUB              R6, R1,R3
   16 0000000C 4A05            LDR              R2, =RESULT
   17 0000000E 6016            STR              R6,[R2]
   18 00000010         STOP
   19 00000010 E7FE            B                STOP
   20 00000012         
   21 00000012 00 00 10000000 
                       VALUE1  DCD              0X10000000
   22 00000018 00000001 
                       VALUE2  DCD              0X00000001
   23 0000001C 00000000 
              00000000 
              00000000         AREA             data, DATA, READWRITE
   24 00000000 00000000 
                       RESULT  DCD              0
                       
Command Line: --debug --xref --cpu=Cortex-M3 --apcs=interwork --depend=l2_q3.d 
-ol2_q3.o -IC:\Keil\ARM\RV31\INC -IC:\Keil\ARM\CMSIS\Include -IC:\Keil\ARM\Inc\
NXP\LPC17xx --predefine="__EVAL SETA 1" --list=l2_q3.lst l2_q3.s



ARM Macro Assembler    Page 1 Alphabetic symbol ordering
Relocatable symbols

RESET 00000000

Symbol: RESET
   Definitions
      At line 1 in file l2_q3.s
   Uses
      None
Comment: RESET unused
__Vectors 00000000

Symbol: __Vectors
   Definitions
      At line 3 in file l2_q3.s
   Uses
      At line 2 in file l2_q3.s
Comment: __Vectors used once
2 symbols



ARM Macro Assembler    Page 1 Alphabetic symbol ordering
Relocatable symbols

Reset_Handler 00000000

Symbol: Reset_Handler
   Definitions
      At line 10 in file l2_q3.s
   Uses
      At line 5 in file l2_q3.s
      At line 9 in file l2_q3.s

STOP 00000010

Symbol: STOP
   Definitions
      At line 18 in file l2_q3.s
   Uses
      At line 19 in file l2_q3.s
Comment: STOP used once
VALUE1 00000014

Symbol: VALUE1
   Definitions
      At line 21 in file l2_q3.s
   Uses
      At line 11 in file l2_q3.s
Comment: VALUE1 used once
VALUE2 00000018

Symbol: VALUE2
   Definitions
      At line 22 in file l2_q3.s
   Uses
      At line 13 in file l2_q3.s
Comment: VALUE2 used once
mycode 00000000

Symbol: mycode
   Definitions
      At line 7 in file l2_q3.s
   Uses
      None
Comment: mycode unused
5 symbols



ARM Macro Assembler    Page 1 Alphabetic symbol ordering
Relocatable symbols

RESULT 00000000

Symbol: RESULT
   Definitions
      At line 24 in file l2_q3.s
   Uses
      At line 16 in file l2_q3.s
Comment: RESULT used once
data 00000000

Symbol: data
   Definitions
      At line 23 in file l2_q3.s
   Uses
      None
Comment: data unused
2 symbols
342 symbols in table
